<?xml version="1.0" encoding="UTF-8"?>
<testng-results ignored="0" total="1" passed="1" failed="0" skipped="0">
  <reporter-output>
  </reporter-output>
  <suite started-at="2024-02-24T15:38:40Z" name="Default suite" finished-at="2024-02-24T15:38:43Z" duration-ms="3757">
    <groups>
    </groups>
    <test started-at="2024-02-24T15:38:40Z" name="Default test" finished-at="2024-02-24T15:38:43Z" duration-ms="3757">
      <class name="LoginTestCase.TC03_LoginXslData">
        <test-method is-config="true" signature="starWebDriver()[pri:0, instance:LoginTestCase.TC03_LoginXslData@659a2455]" started-at="2024-02-24T07:38:40Z" name="starWebDriver" finished-at="2024-02-24T07:38:40Z" duration-ms="850" status="PASS">
          <reporter-output>
          </reporter-output>
        </test-method> <!-- starWebDriver -->
        <test-method signature="TC03()[pri:0, instance:LoginTestCase.TC03_LoginXslData@659a2455]" started-at="2024-02-24T07:38:40Z" name="TC03" finished-at="2024-02-24T07:38:42Z" duration-ms="1794" status="PASS">
          <reporter-output>
          </reporter-output>
        </test-method> <!-- TC03 -->
        <test-method is-config="true" signature="closeDriver()[pri:0, instance:LoginTestCase.TC03_LoginXslData@659a2455]" started-at="2024-02-24T07:38:42Z" name="closeDriver" finished-at="2024-02-24T07:38:43Z" duration-ms="1059" status="PASS">
          <reporter-output>
          </reporter-output>
        </test-method> <!-- closeDriver -->
      </class> <!-- LoginTestCase.TC03_LoginXslData -->
    </test> <!-- Default test -->
  </suite> <!-- Default suite -->
</testng-results>
