<?xml version="1.0" encoding="UTF-8"?>
<testng-results ignored="0" total="1" passed="1" failed="0" skipped="0">
  <reporter-output>
  </reporter-output>
  <suite started-at="2024-01-27T14:00:32Z" name="Default suite" finished-at="2024-01-27T14:00:38Z" duration-ms="6210">
    <groups>
    </groups>
    <test started-at="2024-01-27T14:00:32Z" name="Default test" finished-at="2024-01-27T14:00:38Z" duration-ms="6210">
      <class name="prueba.PruebaTest">
        <test-method signature="f()[pri:0, instance:prueba.PruebaTest@2767e23c]" started-at="2024-01-27T06:00:32Z" name="f" finished-at="2024-01-27T06:00:38Z" duration-ms="6159" status="PASS">
          <reporter-output>
          </reporter-output>
        </test-method> <!-- f -->
      </class> <!-- prueba.PruebaTest -->
    </test> <!-- Default test -->
  </suite> <!-- Default suite -->
</testng-results>
